<?xml version="1.0" encoding="UTF-8"?>
<!-- Generated by org.testng.reporters.JUnitReportReporter -->
<testsuite hostname="DESKTOP-3KM7K8H" failures="0" tests="1" name="runner.RunnerC" time="1.884" errors="0" timestamp="2022-11-02T21:14:17 IST" skipped="0">
  <testcase classname="runner.RunnerC" name="runScenario" time="1.884"/>
  <system-out/>
</testsuite> <!-- runner.RunnerC -->
